<?xml version="1.0" encoding="UTF-8"?>
<!-- Generated by org.testng.reporters.JUnitXMLReporter -->
<testsuite ignored="0" hostname="DESKTOP-635BP1H" failures="0" tests="2" name="Error Validation Test" time="8.875" errors="0" timestamp="2024-09-17T20:42:16 IST">
  <testcase classname="rahulshettyacademy.TestComponents.BaseTest" name="@BeforeMethod launchApplication" time="4.953">
    <failure type="java.lang.IllegalAccessError" message="class rahulshettyacademy.pageobjects.LandingPage (in unnamed module @0xcac736f) cannot access class jdk.internal.org.jline.utils.Log (in module jdk.internal.le) because module jdk.internal.le does not export jdk.internal.org.jline.utils to unnamed module @0xcac736f">
      <![CDATA[java.lang.IllegalAccessError: class rahulshettyacademy.pageobjects.LandingPage (in unnamed module @0xcac736f) cannot access class jdk.internal.org.jline.utils.Log (in module jdk.internal.le) because module jdk.internal.le does not export jdk.internal.org.jline.utils to unnamed module @0xcac736f
at rahulshettyacademy.pageobjects.LandingPage.goTo(LandingPage.java:51)
at rahulshettyacademy.TestComponents.BaseTest.launchApplication(BaseTest.java:105)
at java.base/java.util.ArrayList.forEach(ArrayList.java:1596)
... Removed 29 stack frames]]>
    </failure>
  </testcase> <!-- @BeforeMethod launchApplication -->
  <testcase classname="rahulshettyacademy.TestComponents.BaseTest" name="@BeforeMethod launchApplication" time="3.522">
    <failure type="java.lang.IllegalAccessError" message="class rahulshettyacademy.pageobjects.LandingPage (in unnamed module @0xcac736f) cannot access class jdk.internal.org.jline.utils.Log (in module jdk.internal.le) because module jdk.internal.le does not export jdk.internal.org.jline.utils to unnamed module @0xcac736f">
      <![CDATA[java.lang.IllegalAccessError: class rahulshettyacademy.pageobjects.LandingPage (in unnamed module @0xcac736f) cannot access class jdk.internal.org.jline.utils.Log (in module jdk.internal.le) because module jdk.internal.le does not export jdk.internal.org.jline.utils to unnamed module @0xcac736f
at rahulshettyacademy.pageobjects.LandingPage.goTo(LandingPage.java:51)
at rahulshettyacademy.TestComponents.BaseTest.launchApplication(BaseTest.java:105)
at java.base/java.util.ArrayList.forEach(ArrayList.java:1596)
... Removed 29 stack frames]]>
    </failure>
  </testcase> <!-- @BeforeMethod launchApplication -->
  <testcase classname="rahulshettyacademy.tests.ErrorValidationsTest" name="LoginErrorValidation" time="0.0">
    <skipped/>
  </testcase> <!-- LoginErrorValidation -->
  <testcase classname="rahulshettyacademy.tests.ErrorValidationsTest" name="productErrorValidation" time="0.0">
    <skipped/>
  </testcase> <!-- productErrorValidation -->
</testsuite> <!-- Error Validation Test -->
